E:\GameEngineFromScratch\build>cmake ..
-- The C compiler identification is MSVC 19.0.24215.1
-- The CXX compiler identification is MSVC 19.0.24215.1
-- Check for working C compiler: C:/Program Files (x86)/Microsoft Visual Studio 14.0/VC/bin/cl.exe
-- Check for working C compiler: C:/Program Files (x86)/Microsoft Visual Studio 14.0/VC/bin/cl.exe -- works
-- Detecting C compiler ABI info
-- Detecting C compiler ABI info - done
-- Detecting C compile features
-- Detecting C compile features - done
-- Check for working CXX compiler: C:/Program Files (x86)/Microsoft Visual Studio 14.0/VC/bin/cl.exe
-- Check for working CXX compiler: C:/Program Files (x86)/Microsoft Visual Studio 14.0/VC/bin/cl.exe -- works
-- Detecting CXX compiler ABI info
-- Detecting CXX compiler ABI info - done
-- Detecting CXX compile features
-- Detecting CXX compile features - done
-- Configuring done
-- Generating done
-- Build files have been written to: E:/GameEngineFromScratch/build

E:\GameEngineFromScratch\build>make
make: *** 没有指明目标并且找不到 makefile。 停止。

E:\GameEngineFromScratch\build>cmake --build .
Microsoft (R) 生成引擎版本 14.0.25420.1
版权所有(C) Microsoft Corporation。保留所有权利。

生成启动时间为 2018/8/8 21:09:10。
节点 1 上的项目“E:\GameEngineFromScratch\build\ALL_BUILD.vcxproj”(默认目标)。
项目“E:\GameEngineFromScratch\build\ALL_BUILD.vcxproj”(1)正在节点 1 上生成“E:\GameEngineFromScratch\build\ZERO_CHECK.vcxproj”(2) (默认目标)。
PrepareForBuild:
  正在创建目录“Win32\Debug\ZERO_CHECK\”。
  正在创建目录“Win32\Debug\ZERO_CHECK\ZERO_CHECK.tlog\”。
InitializeBuildStatus:
  正在创建“Win32\Debug\ZERO_CHECK\ZERO_CHECK.tlog\unsuccessfulbuild”，因为已指定“AlwaysCreate”。
CustomBuild:
  Checking Build System
  CMake does not need to re-run because E:/GameEngineFromScratch/build/CMakeFiles/generate.stamp is up-to-date.
  CMake does not need to re-run because E:/GameEngineFromScratch/build/Framework/CMakeFiles/generate.stamp is up-to-date.
  CMake does not need to re-run because E:/GameEngineFromScratch/build/Framework/Common/CMakeFiles/generate.stamp is up-to-date.
  CMake does not need to re-run because E:/GameEngineFromScratch/build/Empty/CMakeFiles/generate.stamp is up-to-date.
FinalizeBuildStatus:
  正在删除文件“Win32\Debug\ZERO_CHECK\ZERO_CHECK.tlog\unsuccessfulbuild”。
  正在对“Win32\Debug\ZERO_CHECK\ZERO_CHECK.tlog\ZERO_CHECK.lastbuildstate”执行 Touch 任务。
已完成生成项目“E:\GameEngineFromScratch\build\ZERO_CHECK.vcxproj”(默认目标)的操作。

项目“E:\GameEngineFromScratch\build\ALL_BUILD.vcxproj”(1)正在节点 1 上生成“E:\GameEngineFromScratch\build\Framework\Common\Common.vcxproj”(3) (默认目标)。
InitializeBuildStatus:
  正在创建“Common.dir\Debug\Common.tlog\unsuccessfulbuild”，因为已指定“AlwaysCreate”。
CustomBuild:
  Building Custom Rule E:/GameEngineFromScratch/Framework/Common/CMakeLists.txt
  CMake does not need to re-run because E:/GameEngineFromScratch/build/Framework/Common/CMakeFiles/generate.stamp is up-to-date.
ClCompile:
  C:\Program Files (x86)\Microsoft Visual Studio 14.0\VC\bin\CL.exe /c /IE:\GameEngineFromScratch\Framework\Common /IE:\GameEngineFromScratch\Framework\Interface /Zi /nologo /W3 /WX- /Od /Ob0 /Oy- /D WIN32 /D _WINDOWS /D "CMAKE_INTDIR=\"De
  bug\"" /D _MBCS /Gm- /EHsc /RTC1 /MDd /GS /fp:precise /Zc:wchar_t /Zc:forScope /Zc:inline /GR /Fo"Common.dir\Debug\\" /Fd"Common.dir\Debug\Common.pdb" /Gd /TP /analyze- /errorReport:queue E:\GameEngineFromScratch\Framework\Common\BaseApp
  lication.cpp E:\GameEngineFromScratch\Framework\Common\main.cpp
  BaseApplication.cpp
E:\GameEngineFromScratch\Framework\Interface\IApplication.hpp : warning C4819: The file contains a character that cannot be represented in the current code page (936). Save the file in Unicode format to prevent data loss [E:\GameEngineFrom
Scratch\build\Framework\Common\Common.vcxproj]
e:\gameenginefromscratch\framework\interface\IRuntimeModule.hpp : warning C4819: The file contains a character that cannot be represented in the current code page (936). Save the file in Unicode format to prevent data loss [E:\GameEngineFr
omScratch\build\Framework\Common\Common.vcxproj]
  main.cpp
E:\GameEngineFromScratch\Framework\Interface\IApplication.hpp : warning C4819: The file contains a character that cannot be represented in the current code page (936). Save the file in Unicode format to prevent data loss [E:\GameEngineFrom
Scratch\build\Framework\Common\Common.vcxproj]
e:\gameenginefromscratch\framework\interface\IRuntimeModule.hpp : warning C4819: The file contains a character that cannot be represented in the current code page (936). Save the file in Unicode format to prevent data loss [E:\GameEngineFr
omScratch\build\Framework\Common\Common.vcxproj]
  Generating Code...
Lib:
  C:\Program Files (x86)\Microsoft Visual Studio 14.0\VC\bin\Lib.exe /OUT:"E:\GameEngineFromScratch\build\Framework\Common\Debug\Common.lib" /NOLOGO  /machine:X86 Common.dir\Debug\BaseApplication.obj
  Common.dir\Debug\main.obj
  Common.vcxproj -> E:\GameEngineFromScratch\build\Framework\Common\Debug\Common.lib
CopyFilesToOutputDirectory:
  正在将文件从“Common.dir\Debug\Common.pdb”复制到“E:\GameEngineFromScratch\build\Framework\Common\Debug\Common.pdb”。
FinalizeBuildStatus:
  正在删除文件“Common.dir\Debug\Common.tlog\unsuccessfulbuild”。
  正在对“Common.dir\Debug\Common.tlog\Common.lastbuildstate”执行 Touch 任务。
已完成生成项目“E:\GameEngineFromScratch\build\Framework\Common\Common.vcxproj”(默认目标)的操作。

项目“E:\GameEngineFromScratch\build\ALL_BUILD.vcxproj”(1)正在节点 1 上生成“E:\GameEngineFromScratch\build\Empty\Empty.vcxproj”(4) (默认目标)。
InitializeBuildStatus:
  正在创建“Empty.dir\Debug\Empty.tlog\unsuccessfulbuild”，因为已指定“AlwaysCreate”。
CustomBuild:
  Building Custom Rule E:/GameEngineFromScratch/Empty/CMakeLists.txt
  CMake does not need to re-run because E:/GameEngineFromScratch/build/Empty/CMakeFiles/generate.stamp is up-to-date.
ClCompile:
  C:\Program Files (x86)\Microsoft Visual Studio 14.0\VC\bin\CL.exe /c /IE:\GameEngineFromScratch\Framework\Common /IE:\GameEngineFromScratch\Framework\Interface /Zi /nologo /W3 /WX- /Od /Ob0 /Oy- /D WIN32 /D _WINDOWS /D "CMAKE_INTDIR=\"De
  bug\"" /D _MBCS /Gm- /EHsc /RTC1 /MDd /GS /fp:precise /Zc:wchar_t /Zc:forScope /Zc:inline /GR /Fo"Empty.dir\Debug\\" /Fd"Empty.dir\Debug\vc140.pdb" /Gd /TP /analyze- /errorReport:queue E:\GameEngineFromScratch\Empty\EmptyApplication.cpp
  EmptyApplication.cpp
E:\GameEngineFromScratch\Framework\Interface\IApplication.hpp : warning C4819: The file contains a character that cannot be represented in the current code page (936). Save the file in Unicode format to prevent data loss [E:\GameEngineFrom
Scratch\build\Empty\Empty.vcxproj]
e:\gameenginefromscratch\framework\interface\IRuntimeModule.hpp : warning C4819: The file contains a character that cannot be represented in the current code page (936). Save the file in Unicode format to prevent data loss [E:\GameEngineFr
omScratch\build\Empty\Empty.vcxproj]
Link:
  C:\Program Files (x86)\Microsoft Visual Studio 14.0\VC\bin\link.exe /ERRORREPORT:QUEUE /OUT:"E:\GameEngineFromScratch\build\Empty\Debug\Empty.exe" /INCREMENTAL /NOLOGO ..\Framework\Common\Debug\Common.lib kernel32.lib user32.lib gdi32.li
  b winspool.lib shell32.lib ole32.lib oleaut32.lib uuid.lib comdlg32.lib advapi32.lib /MANIFEST /MANIFESTUAC:"level='asInvoker' uiAccess='false'" /manifest:embed /DEBUG /PDB:"E:/GameEngineFromScratch/build/Empty/Debug/Empty.pdb" /SUBSYSTE
  M:CONSOLE /TLBID:1 /DYNAMICBASE /NXCOMPAT /IMPLIB:"E:/GameEngineFromScratch/build/Empty/Debug/Empty.lib" /MACHINE:X86 /SAFESEH  /machine:X86 Empty.dir\Debug\EmptyApplication.obj
  Empty.vcxproj -> E:\GameEngineFromScratch\build\Empty\Debug\Empty.exe
  Empty.vcxproj -> E:/GameEngineFromScratch/build/Empty/Debug/Empty.pdb (Full PDB)
FinalizeBuildStatus:
  正在删除文件“Empty.dir\Debug\Empty.tlog\unsuccessfulbuild”。
  正在对“Empty.dir\Debug\Empty.tlog\Empty.lastbuildstate”执行 Touch 任务。
已完成生成项目“E:\GameEngineFromScratch\build\Empty\Empty.vcxproj”(默认目标)的操作。

InitializeBuildStatus:
  正在创建“Win32\Debug\ALL_BUILD\ALL_BUILD.tlog\unsuccessfulbuild”，因为已指定“AlwaysCreate”。
CustomBuild:
  Building Custom Rule E:/GameEngineFromScratch/CMakeLists.txt
  CMake does not need to re-run because E:/GameEngineFromScratch/build/CMakeFiles/generate.stamp is up-to-date.
FinalizeBuildStatus:
  正在删除文件“Win32\Debug\ALL_BUILD\ALL_BUILD.tlog\unsuccessfulbuild”。
  正在对“Win32\Debug\ALL_BUILD\ALL_BUILD.tlog\ALL_BUILD.lastbuildstate”执行 Touch 任务。
已完成生成项目“E:\GameEngineFromScratch\build\ALL_BUILD.vcxproj”(默认目标)的操作。


已成功生成。

“E:\GameEngineFromScratch\build\ALL_BUILD.vcxproj”(默认目标) (1) ->
“E:\GameEngineFromScratch\build\Framework\Common\Common.vcxproj”(默认目标) (3) ->
(ClCompile 目标) ->
  E:\GameEngineFromScratch\Framework\Interface\IApplication.hpp : warning C4819: The file contains a character that cannot be represented in the current code page (936). Save the file in Unicode format to prevent data loss [E:\GameEngineFr
omScratch\build\Framework\Common\Common.vcxproj]
  e:\gameenginefromscratch\framework\interface\IRuntimeModule.hpp : warning C4819: The file contains a character that cannot be represented in the current code page (936). Save the file in Unicode format to prevent data loss [E:\GameEngine
FromScratch\build\Framework\Common\Common.vcxproj]
  E:\GameEngineFromScratch\Framework\Interface\IApplication.hpp : warning C4819: The file contains a character that cannot be represented in the current code page (936). Save the file in Unicode format to prevent data loss [E:\GameEngineFr
omScratch\build\Framework\Common\Common.vcxproj]
  e:\gameenginefromscratch\framework\interface\IRuntimeModule.hpp : warning C4819: The file contains a character that cannot be represented in the current code page (936). Save the file in Unicode format to prevent data loss [E:\GameEngine
FromScratch\build\Framework\Common\Common.vcxproj]


“E:\GameEngineFromScratch\build\ALL_BUILD.vcxproj”(默认目标) (1) ->
“E:\GameEngineFromScratch\build\Empty\Empty.vcxproj”(默认目标) (4) ->
  E:\GameEngineFromScratch\Framework\Interface\IApplication.hpp : warning C4819: The file contains a character that cannot be represented in the current code page (936). Save the file in Unicode format to prevent data loss [E:\GameEngineFr
omScratch\build\Empty\Empty.vcxproj]
  e:\gameenginefromscratch\framework\interface\IRuntimeModule.hpp : warning C4819: The file contains a character that cannot be represented in the current code page (936). Save the file in Unicode format to prevent data loss [E:\GameEngine
FromScratch\build\Empty\Empty.vcxproj]

    6 个警告
    0 个错误

已用时间 00:00:48.79